<?xml version="1.0" encoding="UTF-8"?>
<testsuite name="HammingTest" tests="15" skipped="0" failures="0" errors="0" timestamp="2019-02-03T01:07:01" hostname="Paiges-MBP-2.fios-router.home" time="0.028">
  <properties/>
  <testcase name="testNonUniqueCharacterInFirstStrand" classname="HammingTest" time="0.002"/>
  <testcase name="testSameNucleotidesInDifferentPositions" classname="HammingTest" time="0.001"/>
  <testcase name="testCompleteDistanceInSingleNucleotideStrand" classname="HammingTest" time="0.001"/>
  <testcase name="testNoDistanceBetweenEmptyStrands" classname="HammingTest" time="0.0"/>
  <testcase name="testNoDistanceBetweenShortIdenticalStrands" classname="HammingTest" time="0.001"/>
  <testcase name="testSmallDistanceInSmallStrand" classname="HammingTest" time="0.0"/>
  <testcase name="testNoDistanceBetweenLongIdenticalStrands" classname="HammingTest" time="0.0"/>
  <testcase name="testNonUniqueCharacterInSecondStrand" classname="HammingTest" time="0.0"/>
  <testcase name="testSmallDistanceInMediumStrand" classname="HammingTest" time="0.0"/>
  <testcase name="testLargeDistanceInOffByOneStrand" classname="HammingTest" time="0.0"/>
  <testcase name="testLargeDistanceInPermutedStrand" classname="HammingTest" time="0.001"/>
  <testcase name="testValidatesFirstStrandNotLonger" classname="HammingTest" time="0.007"/>
  <testcase name="testSmallDistanceInLongStrand" classname="HammingTest" time="0.002"/>
  <testcase name="testValidatesSecondStrandNotLonger" classname="HammingTest" time="0.001"/>
  <testcase name="testCompleteDistanceInSmallStrand" classname="HammingTest" time="0.0"/>
  <system-out><![CDATA[]]></system-out>
  <system-err><![CDATA[]]></system-err>
</testsuite>
